./qemu/build/qemu-loongarch64 -R 4G -L ./loongarch-tools/target/usr/ -E LD_LIBRARY_PATH=/usr/lib64:/lib64 -E OMP_NUM_THREADS=1 -D log.txt -d plugin -plugin ./qemu_plugins/build/libbbv_ibar.so,name=traces/NAS_is_c_out,size=100000000 -- benchmarks/NPB3.4.4/NPB3.4-OMP/bin/is.C.x
cpu 0 created


 NAS Parallel Benchmarks (NPB3.4-OMP) - IS Benchmark

 Size:  134217728  (class C)
 Iterations:  10
 Number of available threads:  1


   iteration
        1
        2
        3
        4
        5
        6
        7
        8
        9
        10


 IS Benchmark Completed
 Class           =                        C
 Size            =                134217728
 Iterations      =                       10
 Time in seconds =                    21.86
 Total threads   =                        1
 Avail threads   =                        1
 Mop/s total     =                    61.41
 Mop/s/thread    =                    61.41
 Operation type  =              keys ranked
 Verification    =               SUCCESSFUL
 Version         =                    3.4.4
 Compile date    =              13 Feb 2026

 Compile options:
    CC           = (none)
    CLINK        = $(CC)
    C_LIB        = -lm
    C_INC        = (none)
    CFLAGS       = -O3 -fopenmp -D_FILE_OFFSET_BITS=64 -D_LARG...
    CLINKFLAGS   = $(CFLAGS) $(STATIC_FLG)


 Please send all errors/feedbacks to:

 NPB Development Team
 npb@nas.nasa.gov


